<?xml version="1.0" encoding="UTF-8"?>
<!-- Generated by org.testng.reporters.JUnitReportReporter -->
<testsuite hostname="Lavanya" failures="0" tests="2" name="testng.testng" time="0.086" errors="0" timestamp="2023-12-19T19:37:30 IST" skipped="0">
  <testcase classname="testng.testng" name="tc1" time="0.075"/>
  <system-out>
    <![CDATA[Hi...Gm]]>
  </system-out>
  <testcase classname="testng.testng" name="tc2" time="0.011"/>
  <system-out>
    <![CDATA[Hi...nana]]>
  </system-out>
</testsuite> <!-- testng.testng -->
