<?xml version="1.0" encoding="UTF-8"?>
<!-- Generated by org.testng.reporters.JUnitReportReporter -->
<testsuite hostname="Lavanya" failures="0" tests="1" name="Assert_features.Assert_assertrue" time="0.045" errors="0" timestamp="2024-01-25T14:12:58 IST" skipped="0">
  <testcase classname="Assert_features.Assert_assertrue" name="Tc3" time="0.045"/>
  <system-out>
    <![CDATA[running Tc3,true]]>
  </system-out>
</testsuite> <!-- Assert_features.Assert_assertrue -->
