<?xml version="1.0" encoding="UTF-8"?>
<!-- Generated by org.testng.reporters.JUnitReportReporter -->
<testsuite hostname="Lavanya" failures="0" tests="3" name="BatchExcution.Sample3" time="0.047" errors="0" timestamp="2023-12-29T10:01:23 IST" skipped="0">
  <testcase classname="BatchExcution.Sample3" name="tc1" time="0.016"/>
  <system-out>
    <![CDATA[running Tc1,true]]>
  </system-out>
  <testcase classname="BatchExcution.Sample3" name="Tc3" time="0.017"/>
  <system-out>
    <![CDATA[running Tc3,true]]>
  </system-out>
  <testcase classname="BatchExcution.Sample3" name="tc2" time="0.014"/>
  <system-out>
    <![CDATA[running Tc2,true]]>
  </system-out>
</testsuite> <!-- BatchExcution.Sample3 -->
