<?xml version="1.0" encoding="UTF-8"?>
<!-- Generated by org.testng.reporters.JUnitReportReporter -->
<testsuite hostname="Lavanya" failures="0" tests="1" name="Assert_features.Assert_Notequals" time="0.023" errors="0" timestamp="2024-01-25T11:29:59 IST" skipped="0">
  <testcase classname="Assert_features.Assert_Notequals" name="Tc2" time="0.023"/>
  <system-out>
    <![CDATA[running Tc2]]>
  </system-out>
</testsuite> <!-- Assert_features.Assert_Notequals -->
