<?xml version="1.0" encoding="UTF-8"?>
<!-- Generated by org.testng.reporters.JUnitReportReporter -->
<testsuite hostname="Lavanya" failures="0" tests="2" name="testng.Dependsonmethod" time="0.402" errors="0" timestamp="2023-12-27T09:26:00 IST" skipped="0">
  <testcase classname="testng.Dependsonmethod" name="logout" time="0.011"/>
  <system-out>
    <![CDATA[running logout]]>
  </system-out>
  <testcase classname="testng.Dependsonmethod" name="login" time="0.391"/>
  <system-out>
    <![CDATA[running login]]>
  </system-out>
</testsuite> <!-- testng.Dependsonmethod -->
