<?xml version="1.0" encoding="UTF-8"?>
<!-- Generated by org.testng.reporters.JUnitReportReporter -->
<testsuite hostname="Lavanya" failures="0" tests="1" name="Assert_features.Assert_equals" time="0.035" errors="0" timestamp="2024-01-25T11:26:09 IST" skipped="0">
  <testcase classname="Assert_features.Assert_equals" name="test" time="0.035"/>
  <system-out>
    <![CDATA[running test method]]>
  </system-out>
</testsuite> <!-- Assert_features.Assert_equals -->
