<?xml version="1.0" encoding="UTF-8"?>
<!-- Generated by org.testng.reporters.JUnitReportReporter -->
<testsuite hostname="Lavanya" failures="0" tests="1" name="Assert_features.Assert_assertfalse" time="0.036" errors="0" timestamp="2024-01-25T14:15:33 IST" skipped="0">
  <testcase classname="Assert_features.Assert_assertfalse" name="Tc4" time="0.036"/>
  <system-out>
    <![CDATA[running Tc4]]>
  </system-out>
</testsuite> <!-- Assert_features.Assert_assertfalse -->
