<?xml version="1.0" encoding="UTF-8"?>
<!-- Generated by org.testng.reporters.JUnitReportReporter -->
<testsuite hostname="Lavanya" failures="0" tests="3" name="Disable_Testcase.Sample" time="0.016" errors="0" timestamp="2024-01-04T10:01:59 IST" skipped="1">
  <testcase classname="Disable_Testcase.Sample" name="Tc1" time="0.013"/>
  <system-out>
    <![CDATA[running Tc1,true]]>
  </system-out>
  <testcase classname="Disable_Testcase.Sample" name="Tc2" time="0.003"/>
  <system-out>
    <![CDATA[running Tc2,true]]>
  </system-out>
  <testcase classname="Disable_Testcase.Sample" name="Tc3">
    <skipped/>
  </testcase> <!-- Tc3 -->
  <system-out/>
</testsuite> <!-- Disable_Testcase.Sample -->
