<?xml version="1.0" encoding="UTF-8"?>
<!-- Generated by org.testng.reporters.JUnitReportReporter -->
<testsuite hostname="Lavanya" failures="0" tests="1" name="Parallel_excution2.p1" time="29.999" errors="0" timestamp="2024-01-04T10:52:28 IST" skipped="0">
  <testcase classname="Parallel_excution2.p1" name="Tc1" time="29.999"/>
  <system-out/>
</testsuite> <!-- Parallel_excution2.p1 -->
