<?xml version="1.0" encoding="UTF-8"?>
<!-- Generated by org.testng.reporters.JUnitReportReporter -->
<testsuite hostname="Lavanya" failures="0" tests="3" name="testng.priority" time="0.050" errors="0" timestamp="2023-12-26T12:21:22 IST" skipped="0">
  <testcase classname="testng.priority" name="tc2" time="0.035"/>
  <system-out>
    <![CDATA[b]]>
  </system-out>
  <testcase classname="testng.priority" name="tc3" time="0.009"/>
  <system-out>
    <![CDATA[c]]>
  </system-out>
  <testcase classname="testng.priority" name="tc1" time="0.006"/>
  <system-out>
    <![CDATA[a]]>
  </system-out>
</testsuite> <!-- testng.priority -->
