<?xml version="1.0" encoding="UTF-8"?>
<!-- Generated by org.testng.reporters.JUnitReportReporter -->
<testsuite hostname="Lavanya" failures="0" tests="1" name="testng.Timeout" time="0.039" errors="0" timestamp="2023-12-26T12:03:26 IST" skipped="0">
  <testcase classname="testng.Timeout" name="tc1" time="0.039"/>
  <system-out>
    <![CDATA[lavanya]]>
  </system-out>
</testsuite> <!-- testng.Timeout -->
