<?xml version="1.0" encoding="UTF-8"?>
<!-- Generated by org.testng.reporters.JUnitReportReporter -->
<testsuite hostname="Lavanya" failures="0" tests="10" name="testng.invocationcount_keyword" time="0.132" errors="0" timestamp="2023-12-26T12:18:25 IST" skipped="0">
  <testcase classname="testng.invocationcount_keyword" name="tc1" time="0.008"/>
  <system-out>
    <![CDATA[Hi....gm]]>
  </system-out>
  <testcase classname="testng.invocationcount_keyword" name="tc1" time="0.004"/>
  <system-out>
    <![CDATA[Hi....gm]]>
  </system-out>
  <testcase classname="testng.invocationcount_keyword" name="tc1" time="0.020"/>
  <system-out>
    <![CDATA[Hi....gm]]>
  </system-out>
  <testcase classname="testng.invocationcount_keyword" name="tc1" time="0.003"/>
  <system-out>
    <![CDATA[Hi....gm]]>
  </system-out>
  <testcase classname="testng.invocationcount_keyword" name="tc1" time="0.011"/>
  <system-out>
    <![CDATA[Hi....gm]]>
  </system-out>
  <testcase classname="testng.invocationcount_keyword" name="tc1" time="0.003"/>
  <system-out>
    <![CDATA[Hi....gm]]>
  </system-out>
  <testcase classname="testng.invocationcount_keyword" name="tc1" time="0.015"/>
  <system-out>
    <![CDATA[Hi....gm]]>
  </system-out>
  <testcase classname="testng.invocationcount_keyword" name="tc1" time="0.030"/>
  <system-out>
    <![CDATA[Hi....gm]]>
  </system-out>
  <testcase classname="testng.invocationcount_keyword" name="tc1" time="0.009"/>
  <system-out>
    <![CDATA[Hi....gm]]>
  </system-out>
  <testcase classname="testng.invocationcount_keyword" name="tc1" time="0.029"/>
  <system-out>
    <![CDATA[Hi....gm]]>
  </system-out>
</testsuite> <!-- testng.invocationcount_keyword -->
