<?xml version="1.0" encoding="UTF-8"?>
<!-- Generated by org.testng.reporters.JUnitReportReporter -->
<testsuite hostname="Lavanya" failures="0" tests="3" name="BatchExcution.Sample1" time="0.018" errors="0" timestamp="2023-12-29T10:01:23 IST" skipped="0">
  <testcase classname="BatchExcution.Sample1" name="tc1" time="0.003"/>
  <system-out>
    <![CDATA[running Tc1,true]]>
  </system-out>
  <testcase classname="BatchExcution.Sample1" name="Tc3" time="0.003"/>
  <system-out>
    <![CDATA[running Tc3,true]]>
  </system-out>
  <testcase classname="BatchExcution.Sample1" name="tc2" time="0.012"/>
  <system-out>
    <![CDATA[running Tc2,true]]>
  </system-out>
</testsuite> <!-- BatchExcution.Sample1 -->
