<?xml version="1.0" encoding="UTF-8"?>
<!-- Generated by org.testng.reporters.JUnitReportReporter -->
<testsuite hostname="Lavanya" failures="0" tests="1" name="Parallel_Excution.P1" time="11.535" errors="0" timestamp="2024-01-02T09:56:15 IST" skipped="0">
  <testcase classname="Parallel_Excution.P1" name="tc1" time="11.535"/>
  <system-out/>
</testsuite> <!-- Parallel_Excution.P1 -->
