<?xml version="1.0" encoding="UTF-8"?>
<!-- Generated by org.testng.reporters.JUnitReportReporter -->
<testsuite hostname="Lavanya" failures="0" tests="1" name="testng.Annotations" time="0.048" errors="0" timestamp="2023-12-21T18:51:54 IST" skipped="0">
  <testcase classname="testng.Annotations" name="verifyuserid" time="0.048"/>
  <system-out>
    <![CDATA[running verify]]>
  </system-out>
</testsuite> <!-- testng.Annotations -->
